<?xml version="1.0" encoding="UTF-8"?>
<!-- Generated by org.testng.reporters.JUnitReportReporter -->
<testsuite hostname="DESKTOP-0BGE448" failures="0" tests="2" name="BankingTestCases.AddPayeeTestCase2" time="4.308" errors="0" timestamp="26 Jan 2022 20:06:27 GMT" skipped="0">
  <testcase classname="BankingTestCases.AddPayeeTestCase2" name="login" time="2.194"/>
  <testcase classname="BankingTestCases.AddPayeeTestCase2" name="addPayee" time="2.114"/>
</testsuite> <!-- BankingTestCases.AddPayeeTestCase2 -->
