<?xml version="1.0" encoding="UTF-8"?>
<!-- Generated by org.testng.reporters.JUnitReportReporter -->
<testsuite hostname="DESKTOP-0BGE448" failures="0" tests="1" name="BankingTestCases.AddPayee1" time="3.581" errors="0" timestamp="02 Feb 2022 04:57:46 GMT" skipped="0">
  <testcase classname="BankingTestCases.AddPayee1" name="addPayee" time="3.581"/>
</testsuite> <!-- BankingTestCases.AddPayee1 -->
