<?xml version="1.0" encoding="UTF-8"?>
<!-- Generated by org.testng.reporters.JUnitReportReporter -->
<testsuite skipped="0" hostname="DESKTOP-0BGE448" name="yourStoreTestCases.MyAccountTestCase" tests="1" failures="0" timestamp="13 Feb 2022 02:58:02 GMT" time="0.618" errors="0">
  <testcase name="myAccount" time="0.618" classname="yourStoreTestCases.MyAccountTestCase"/>
</testsuite> <!-- yourStoreTestCases.MyAccountTestCase -->
