<?xml version="1.0" encoding="UTF-8"?>
<!-- Generated by org.testng.reporters.JUnitReportReporter -->
<testsuite hostname="DESKTOP-0BGE448" failures="0" tests="1" name="BankingTestCases.AddPayee" time="3.977" errors="0" timestamp="02 Feb 2022 04:29:16 GMT" skipped="0">
  <testcase classname="BankingTestCases.AddPayee" name="addPayee" time="3.977"/>
</testsuite> <!-- BankingTestCases.AddPayee -->
